TN:
SF:src/controllers/taskControllers.js
FN:7,exports.createTask
FN:43,exports.getTask
FN:56,exports.updateTasks
FN:91,exports.deleteTasks
FNF:4
FNH:3
FNDA:3,exports.createTask
FNDA:2,exports.getTask
FNDA:3,exports.updateTasks
FNDA:0,exports.deleteTasks
DA:1,1
DA:2,1
DA:3,1
DA:4,1
DA:5,1
DA:6,1
DA:7,1
DA:8,3
DA:9,3
DA:10,3
DA:11,3
DA:12,1
DA:13,1
DA:14,1
DA:15,2
DA:16,2
DA:17,2
DA:18,3
DA:19,1
DA:20,1
DA:21,1
DA:22,1
DA:23,1
DA:24,1
DA:25,1
DA:26,1
DA:27,1
DA:28,1
DA:29,3
DA:30,3
DA:31,3
DA:32,1
DA:33,1
DA:34,1
DA:35,1
DA:36,1
DA:37,3
DA:38,3
DA:39,3
DA:40,1
DA:41,1
DA:42,1
DA:43,1
DA:44,2
DA:45,2
DA:46,2
DA:47,2
DA:48,1
DA:49,1
DA:50,1
DA:51,1
DA:52,1
DA:53,2
DA:54,1
DA:55,1
DA:56,1
DA:57,3
DA:58,3
DA:59,3
DA:60,1
DA:61,1
DA:62,2
DA:63,3
DA:64,1
DA:65,1
DA:66,1
DA:67,1
DA:68,1
DA:69,1
DA:70,0
DA:71,0
DA:72,0
DA:73,0
DA:74,0
DA:75,0
DA:76,0
DA:77,0
DA:78,0
DA:79,0
DA:80,0
DA:81,0
DA:82,0
DA:83,3
DA:84,3
DA:85,1
DA:86,1
DA:87,1
DA:88,1
DA:89,1
DA:90,1
DA:91,1
DA:92,0
DA:93,0
DA:94,0
DA:95,0
DA:96,0
DA:97,0
DA:98,0
DA:99,0
DA:100,0
DA:101,0
DA:102,0
DA:103,0
DA:104,0
DA:105,0
DA:106,0
DA:107,0
DA:108,0
LF:108
LH:78
BRDA:7,0,0,3
BRDA:11,1,0,1
BRDA:14,2,0,2
BRDA:18,3,0,1
BRDA:29,4,0,0
BRDA:32,5,0,1
BRDA:43,6,0,2
BRDA:48,7,0,1
BRDA:56,8,0,3
BRDA:59,9,0,1
BRDA:61,10,0,2
BRDA:63,11,0,1
BRDA:69,12,0,0
BRF:13
BRH:11
end_of_record
